{"D:\\PhpstormProjects\\memory-numbers\\src\\App.tsx": {"path":"D:\\PhpstormProjects\\memory-numbers\\src\\App.tsx","statementMap":{"0":{"start":{"line":1,"column":0},"end":{"line":1,"column":57}},"1":{"start":{"line":2,"column":0},"end":{"line":2,"column":47}},"2":{"start":{"line":3,"column":0},"end":{"line":3,"column":49}},"3":{"start":{"line":4,"column":0},"end":{"line":4,"column":55}},"4":{"start":{"line":5,"column":0},"end":{"line":5,"column":20}},"5":{"start":{"line":15,"column":24},"end":{"line":30,"column":8}},"6":{"start":{"line":16,"column":23},"end":{"line":16,"column":34}},"7":{"start":{"line":17,"column":20},"end":{"line":17,"column":71}},"8":{"start":{"line":17,"column":65},"end":{"line":17,"column":70}},"9":{"start":{"line":19,"column":4},"end":{"line":22,"column":5}},"10":{"start":{"line":19,"column":17},"end":{"line":19,"column":35}},"11":{"start":{"line":20,"column":16},"end":{"line":20,"column":51}},"12":{"start":{"line":21,"column":6},"end":{"line":21,"column":58}},"13":{"start":{"line":24,"column":4},"end":{"line":29,"column":8}},"14":{"start":{"line":24,"column":43},"end":{"line":29,"column":6}},"15":{"start":{"line":32,"column":34},"end":{"line":32,"column":53}},"16":{"start":{"line":33,"column":28},"end":{"line":33,"column":66}},"17":{"start":{"line":34,"column":34},"end":{"line":34,"column":53}},"18":{"start":{"line":35,"column":26},"end":{"line":35,"column":45}},"19":{"start":{"line":36,"column":38},"end":{"line":36,"column":62}},"20":{"start":{"line":37,"column":36},"end":{"line":37,"column":60}},"21":{"start":{"line":38,"column":54},"end":{"line":38,"column":73}},"22":{"start":{"line":40,"column":24},"end":{"line":48,"column":3}},"23":{"start":{"line":41,"column":4},"end":{"line":41,"column":29}},"24":{"start":{"line":42,"column":4},"end":{"line":42,"column":41}},"25":{"start":{"line":43,"column":4},"end":{"line":43,"column":19}},"26":{"start":{"line":44,"column":4},"end":{"line":44,"column":15}},"27":{"start":{"line":45,"column":4},"end":{"line":45,"column":25}},"28":{"start":{"line":46,"column":4},"end":{"line":46,"column":29}},"29":{"start":{"line":47,"column":4},"end":{"line":47,"column":24}},"30":{"start":{"line":50,"column":2},"end":{"line":62,"column":19}},"31":{"start":{"line":51,"column":39},"end":{"line":51,"column":43}},"32":{"start":{"line":52,"column":4},"end":{"line":56,"column":5}},"33":{"start":{"line":53,"column":6},"end":{"line":55,"column":15}},"34":{"start":{"line":54,"column":8},"end":{"line":54,"column":44}},"35":{"start":{"line":54,"column":30},"end":{"line":54,"column":42}},"36":{"start":{"line":57,"column":4},"end":{"line":61,"column":6}},"37":{"start":{"line":58,"column":6},"end":{"line":60,"column":7}},"38":{"start":{"line":59,"column":8},"end":{"line":59,"column":29}},"39":{"start":{"line":64,"column":31},"end":{"line":66,"column":3}},"40":{"start":{"line":65,"column":4},"end":{"line":65,"column":24}},"41":{"start":{"line":68,"column":26},"end":{"line":70,"column":3}},"42":{"start":{"line":69,"column":4},"end":{"line":69,"column":32}},"43":{"start":{"line":73,"column":2},"end":{"line":97,"column":4}},"44":{"start":{"line":100,"column":0},"end":{"line":100,"column":19}}},"fnMap":{"0":{"name":"App","decl":{"start":{"line":14,"column":9},"end":{"line":14,"column":12}},"loc":{"start":{"line":14,"column":12},"end":{"line":98,"column":1}}},"1":{"name":"(anonymous_1)","decl":{"start":{"line":15,"column":36},"end":{"line":15,"column":37}},"loc":{"start":{"line":15,"column":53},"end":{"line":30,"column":3}}},"2":{"name":"(anonymous_2)","decl":{"start":{"line":17,"column":55},"end":{"line":17,"column":56}},"loc":{"start":{"line":17,"column":65},"end":{"line":17,"column":70}}},"3":{"name":"(anonymous_3)","decl":{"start":{"line":24,"column":23},"end":{"line":24,"column":24}},"loc":{"start":{"line":24,"column":43},"end":{"line":29,"column":6}}},"4":{"name":"(anonymous_4)","decl":{"start":{"line":40,"column":24},"end":{"line":40,"column":25}},"loc":{"start":{"line":40,"column":48},"end":{"line":48,"column":3}}},"5":{"name":"(anonymous_5)","decl":{"start":{"line":50,"column":12},"end":{"line":50,"column":15}},"loc":{"start":{"line":50,"column":17},"end":{"line":62,"column":3}}},"6":{"name":"(anonymous_6)","decl":{"start":{"line":53,"column":26},"end":{"line":53,"column":29}},"loc":{"start":{"line":53,"column":31},"end":{"line":55,"column":7}}},"7":{"name":"(anonymous_7)","decl":{"start":{"line":54,"column":16},"end":{"line":54,"column":17}},"loc":{"start":{"line":54,"column":30},"end":{"line":54,"column":42}}},"8":{"name":"(anonymous_8)","decl":{"start":{"line":57,"column":11},"end":{"line":57,"column":14}},"loc":{"start":{"line":57,"column":16},"end":{"line":61,"column":5}}},"9":{"name":"(anonymous_9)","decl":{"start":{"line":64,"column":31},"end":{"line":64,"column":34}},"loc":{"start":{"line":64,"column":36},"end":{"line":66,"column":3}}},"10":{"name":"(anonymous_10)","decl":{"start":{"line":68,"column":26},"end":{"line":68,"column":29}},"loc":{"start":{"line":68,"column":31},"end":{"line":70,"column":3}}}},"branchMap":{"0":{"loc":{"start":{"line":52,"column":4},"end":{"line":56,"column":5}},"type":"if","locations":[{"start":{"line":52,"column":4},"end":{"line":56,"column":5}},{"start":{},"end":{}}]},"1":{"loc":{"start":{"line":58,"column":6},"end":{"line":60,"column":7}},"type":"if","locations":[{"start":{"line":58,"column":6},"end":{"line":60,"column":7}},{"start":{},"end":{}}]}},"s":{"0":1,"1":1,"2":1,"3":1,"4":1,"5":11,"6":11,"7":11,"8":44,"9":11,"10":11,"11":33,"12":33,"13":11,"14":44,"15":11,"16":11,"17":11,"18":11,"19":11,"20":11,"21":11,"22":11,"23":0,"24":0,"25":0,"26":0,"27":0,"28":0,"29":0,"30":11,"31":9,"32":9,"33":9,"34":15,"35":15,"36":9,"37":9,"38":9,"39":11,"40":0,"41":11,"42":0,"43":11,"44":1},"f":{"0":11,"1":11,"2":44,"3":44,"4":0,"5":9,"6":15,"7":15,"8":9,"9":0,"10":0},"b":{"0":[9,0],"1":[9,0]}}
,"D:\\PhpstormProjects\\memory-numbers\\src\\styles.d.ts": {"path":"D:\\PhpstormProjects\\memory-numbers\\src\\styles.d.ts","statementMap":{},"fnMap":{},"branchMap":{},"s":{},"f":{},"b":{}}
,"D:\\PhpstormProjects\\memory-numbers\\src\\components\\Card.tsx": {"path":"D:\\PhpstormProjects\\memory-numbers\\src\\components\\Card.tsx","statementMap":{"0":{"start":{"line":2,"column":0},"end":{"line":2,"column":21}},"1":{"start":{"line":11,"column":28},"end":{"line":33,"column":1}},"2":{"start":{"line":12,"column":42},"end":{"line":12,"column":46}},"3":{"start":{"line":14,"column":22},"end":{"line":19,"column":29}},"4":{"start":{"line":21,"column":2},"end":{"line":32,"column":4}},"5":{"start":{"line":35,"column":0},"end":{"line":35,"column":20}}},"fnMap":{"0":{"name":"(anonymous_0)","decl":{"start":{"line":11,"column":28},"end":{"line":11,"column":29}},"loc":{"start":{"line":11,"column":59},"end":{"line":33,"column":1}}}},"branchMap":{"0":{"loc":{"start":{"line":16,"column":4},"end":{"line":16,"column":33}},"type":"cond-expr","locations":[{"start":{"line":16,"column":16},"end":{"line":16,"column":28}},{"start":{"line":16,"column":31},"end":{"line":16,"column":33}}]},"1":{"loc":{"start":{"line":17,"column":4},"end":{"line":17,"column":33}},"type":"cond-expr","locations":[{"start":{"line":17,"column":16},"end":{"line":17,"column":28}},{"start":{"line":17,"column":31},"end":{"line":17,"column":33}}]},"2":{"loc":{"start":{"line":18,"column":4},"end":{"line":18,"column":29}},"type":"cond-expr","locations":[{"start":{"line":18,"column":14},"end":{"line":18,"column":24}},{"start":{"line":18,"column":27},"end":{"line":18,"column":29}}]}},"s":{"0":3,"1":3,"2":86,"3":86,"4":86,"5":3},"f":{"0":86},"b":{"0":[6,80],"1":[5,81],"2":[2,84]}}
,"D:\\PhpstormProjects\\memory-numbers\\src\\components\\GameBoard.tsx": {"path":"D:\\PhpstormProjects\\memory-numbers\\src\\components\\GameBoard.tsx","statementMap":{"0":{"start":{"line":1,"column":0},"end":{"line":1,"column":78}},"1":{"start":{"line":2,"column":0},"end":{"line":2,"column":26}},"2":{"start":{"line":3,"column":0},"end":{"line":3,"column":26}},"3":{"start":{"line":18,"column":38},"end":{"line":84,"column":1}},"4":{"start":{"line":29,"column":42},"end":{"line":29,"column":71}},"5":{"start":{"line":31,"column":26},"end":{"line":66,"column":3}},"6":{"start":{"line":32,"column":4},"end":{"line":34,"column":5}},"7":{"start":{"line":33,"column":6},"end":{"line":33,"column":13}},"8":{"start":{"line":36,"column":21},"end":{"line":37,"column":null}},"9":{"start":{"line":37,"column":6},"end":{"line":37,"column":70}},"10":{"start":{"line":39,"column":4},"end":{"line":39,"column":23}},"11":{"start":{"line":41,"column":4},"end":{"line":65,"column":5}},"12":{"start":{"line":42,"column":6},"end":{"line":42,"column":48}},"13":{"start":{"line":42,"column":38},"end":{"line":42,"column":46}},"14":{"start":{"line":43,"column":27},"end":{"line":44,"column":null}},"15":{"start":{"line":44,"column":8},"end":{"line":44,"column":72}},"16":{"start":{"line":46,"column":6},"end":{"line":46,"column":29}},"17":{"start":{"line":48,"column":25},"end":{"line":48,"column":44}},"18":{"start":{"line":49,"column":6},"end":{"line":51,"column":7}},"19":{"start":{"line":50,"column":8},"end":{"line":50,"column":25}},"20":{"start":{"line":53,"column":6},"end":{"line":53,"column":54}},"21":{"start":{"line":53,"column":36},"end":{"line":53,"column":52}},"22":{"start":{"line":54,"column":6},"end":{"line":54,"column":25}},"23":{"start":{"line":55,"column":6},"end":{"line":55,"column":38}},"24":{"start":{"line":56,"column":6},"end":{"line":64,"column":15}},"25":{"start":{"line":57,"column":27},"end":{"line":59,"column":10}},"26":{"start":{"line":58,"column":10},"end":{"line":58,"column":57}},"27":{"start":{"line":60,"column":8},"end":{"line":60,"column":29}},"28":{"start":{"line":61,"column":8},"end":{"line":61,"column":30}},"29":{"start":{"line":62,"column":8},"end":{"line":62,"column":33}},"30":{"start":{"line":63,"column":8},"end":{"line":63,"column":28}},"31":{"start":{"line":68,"column":2},"end":{"line":83,"column":4}},"32":{"start":{"line":75,"column":8},"end":{"line":76,"column":null}},"33":{"start":{"line":79,"column":25},"end":{"line":79,"column":46}},"34":{"start":{"line":86,"column":0},"end":{"line":86,"column":25}}},"fnMap":{"0":{"name":"(anonymous_0)","decl":{"start":{"line":18,"column":38},"end":{"line":18,"column":39}},"loc":{"start":{"line":28,"column":5},"end":{"line":84,"column":1}}},"1":{"name":"(anonymous_1)","decl":{"start":{"line":31,"column":26},"end":{"line":31,"column":27}},"loc":{"start":{"line":31,"column":52},"end":{"line":66,"column":3}}},"2":{"name":"(anonymous_2)","decl":{"start":{"line":36,"column":31},"end":{"line":36,"column":32}},"loc":{"start":{"line":37,"column":6},"end":{"line":37,"column":70}}},"3":{"name":"(anonymous_3)","decl":{"start":{"line":42,"column":28},"end":{"line":42,"column":29}},"loc":{"start":{"line":42,"column":38},"end":{"line":42,"column":46}}},"4":{"name":"(anonymous_4)","decl":{"start":{"line":43,"column":40},"end":{"line":43,"column":41}},"loc":{"start":{"line":44,"column":8},"end":{"line":44,"column":72}}},"5":{"name":"(anonymous_5)","decl":{"start":{"line":53,"column":18},"end":{"line":53,"column":19}},"loc":{"start":{"line":53,"column":36},"end":{"line":53,"column":52}}},"6":{"name":"(anonymous_6)","decl":{"start":{"line":56,"column":17},"end":{"line":56,"column":20}},"loc":{"start":{"line":56,"column":22},"end":{"line":64,"column":7}}},"7":{"name":"(anonymous_7)","decl":{"start":{"line":57,"column":40},"end":{"line":57,"column":41}},"loc":{"start":{"line":58,"column":10},"end":{"line":58,"column":57}}},"8":{"name":"(anonymous_8)","decl":{"start":{"line":74,"column":17},"end":{"line":74,"column":18}},"loc":{"start":{"line":75,"column":8},"end":{"line":76,"column":null}}},"9":{"name":"(anonymous_9)","decl":{"start":{"line":79,"column":19},"end":{"line":79,"column":22}},"loc":{"start":{"line":79,"column":25},"end":{"line":79,"column":46}}}},"branchMap":{"0":{"loc":{"start":{"line":32,"column":4},"end":{"line":34,"column":5}},"type":"if","locations":[{"start":{"line":32,"column":4},"end":{"line":34,"column":5}},{"start":{},"end":{}}]},"1":{"loc":{"start":{"line":32,"column":8},"end":{"line":32,"column":67}},"type":"binary-expr","locations":[{"start":{"line":32,"column":8},"end":{"line":32,"column":17}},{"start":{"line":32,"column":21},"end":{"line":32,"column":42}},{"start":{"line":32,"column":46},"end":{"line":32,"column":67}}]},"2":{"loc":{"start":{"line":37,"column":6},"end":{"line":37,"column":70}},"type":"cond-expr","locations":[{"start":{"line":37,"column":35},"end":{"line":37,"column":63}},{"start":{"line":37,"column":66},"end":{"line":37,"column":70}}]},"3":{"loc":{"start":{"line":41,"column":4},"end":{"line":65,"column":5}},"type":"if","locations":[{"start":{"line":41,"column":4},"end":{"line":65,"column":5}},{"start":{"line":52,"column":11},"end":{"line":65,"column":5}}]},"4":{"loc":{"start":{"line":44,"column":8},"end":{"line":44,"column":72}},"type":"cond-expr","locations":[{"start":{"line":44,"column":37},"end":{"line":44,"column":65}},{"start":{"line":44,"column":68},"end":{"line":44,"column":72}}]},"5":{"loc":{"start":{"line":49,"column":6},"end":{"line":51,"column":7}},"type":"if","locations":[{"start":{"line":49,"column":6},"end":{"line":51,"column":7}},{"start":{},"end":{}}]}},"s":{"0":2,"1":2,"2":2,"3":2,"4":20,"5":20,"6":6,"7":3,"8":3,"9":12,"10":3,"11":3,"12":2,"13":0,"14":2,"15":8,"16":2,"17":2,"18":2,"19":1,"20":1,"21":0,"22":1,"23":1,"24":1,"25":1,"26":4,"27":1,"28":1,"29":1,"30":1,"31":20,"32":80,"33":6,"34":2},"f":{"0":20,"1":6,"2":12,"3":0,"4":8,"5":0,"6":1,"7":4,"8":80,"9":6},"b":{"0":[3,3],"1":[6,5,4],"2":[3,9],"3":[2,1],"4":[2,6],"5":[1,1]}}
,"D:\\PhpstormProjects\\memory-numbers\\src\\components\\GameOverModal.tsx": {"path":"D:\\PhpstormProjects\\memory-numbers\\src\\components\\GameOverModal.tsx","statementMap":{"0":{"start":{"line":2,"column":0},"end":{"line":2,"column":30}},"1":{"start":{"line":11,"column":46},"end":{"line":37,"column":1}},"2":{"start":{"line":17,"column":2},"end":{"line":19,"column":3}},"3":{"start":{"line":18,"column":4},"end":{"line":18,"column":16}},"4":{"start":{"line":21,"column":21},"end":{"line":25,"column":3}},"5":{"start":{"line":22,"column":20},"end":{"line":22,"column":44}},"6":{"start":{"line":23,"column":29},"end":{"line":23,"column":41}},"7":{"start":{"line":24,"column":4},"end":{"line":24,"column":100}},"8":{"start":{"line":27,"column":2},"end":{"line":36,"column":4}},"9":{"start":{"line":39,"column":0},"end":{"line":39,"column":29}}},"fnMap":{"0":{"name":"(anonymous_0)","decl":{"start":{"line":11,"column":46},"end":{"line":11,"column":47}},"loc":{"start":{"line":16,"column":5},"end":{"line":37,"column":1}}},"1":{"name":"(anonymous_1)","decl":{"start":{"line":21,"column":21},"end":{"line":21,"column":22}},"loc":{"start":{"line":21,"column":41},"end":{"line":25,"column":3}}}},"branchMap":{"0":{"loc":{"start":{"line":17,"column":2},"end":{"line":19,"column":3}},"type":"if","locations":[{"start":{"line":17,"column":2},"end":{"line":19,"column":3}},{"start":{},"end":{}}]}},"s":{"0":2,"1":2,"2":15,"3":12,"4":3,"5":3,"6":3,"7":3,"8":3,"9":2},"f":{"0":15,"1":3},"b":{"0":[12,3]}}
,"D:\\PhpstormProjects\\memory-numbers\\src\\components\\Scoreboard.tsx": {"path":"D:\\PhpstormProjects\\memory-numbers\\src\\components\\Scoreboard.tsx","statementMap":{"0":{"start":{"line":2,"column":0},"end":{"line":2,"column":27}},"1":{"start":{"line":9,"column":40},"end":{"line":22,"column":1}},"2":{"start":{"line":10,"column":21},"end":{"line":14,"column":3}},"3":{"start":{"line":11,"column":20},"end":{"line":11,"column":44}},"4":{"start":{"line":12,"column":29},"end":{"line":12,"column":41}},"5":{"start":{"line":13,"column":4},"end":{"line":13,"column":100}},"6":{"start":{"line":16,"column":2},"end":{"line":21,"column":4}},"7":{"start":{"line":24,"column":0},"end":{"line":24,"column":26}}},"fnMap":{"0":{"name":"(anonymous_0)","decl":{"start":{"line":9,"column":40},"end":{"line":9,"column":41}},"loc":{"start":{"line":9,"column":63},"end":{"line":22,"column":1}}},"1":{"name":"(anonymous_1)","decl":{"start":{"line":10,"column":21},"end":{"line":10,"column":22}},"loc":{"start":{"line":10,"column":41},"end":{"line":14,"column":3}}}},"branchMap":{},"s":{"0":2,"1":2,"2":14,"3":14,"4":14,"5":14,"6":14,"7":2},"f":{"0":14,"1":14},"b":{}}
}
