TN:
SF:src\App.tsx
FN:14,App
FN:15,(anonymous_1)
FN:17,(anonymous_2)
FN:24,(anonymous_3)
FN:40,(anonymous_4)
FN:50,(anonymous_5)
FN:53,(anonymous_6)
FN:54,(anonymous_7)
FN:57,(anonymous_8)
FN:64,(anonymous_9)
FN:68,(anonymous_10)
FNF:11
FNH:8
FNDA:11,App
FNDA:11,(anonymous_1)
FNDA:44,(anonymous_2)
FNDA:44,(anonymous_3)
FNDA:0,(anonymous_4)
FNDA:9,(anonymous_5)
FNDA:15,(anonymous_6)
FNDA:15,(anonymous_7)
FNDA:9,(anonymous_8)
FNDA:0,(anonymous_9)
FNDA:0,(anonymous_10)
DA:1,1
DA:2,1
DA:3,1
DA:4,1
DA:5,1
DA:15,11
DA:16,11
DA:17,44
DA:19,11
DA:20,33
DA:21,33
DA:24,44
DA:32,11
DA:33,11
DA:34,11
DA:35,11
DA:36,11
DA:37,11
DA:38,11
DA:40,11
DA:41,0
DA:42,0
DA:43,0
DA:44,0
DA:45,0
DA:46,0
DA:47,0
DA:50,11
DA:51,9
DA:52,9
DA:53,9
DA:54,15
DA:57,9
DA:58,9
DA:59,9
DA:64,11
DA:65,0
DA:68,11
DA:69,0
DA:73,11
DA:100,1
LF:41
LH:32
BRDA:52,0,0,9
BRDA:52,0,1,0
BRDA:58,1,0,9
BRDA:58,1,1,0
BRF:4
BRH:2
end_of_record
TN:
SF:src\styles.d.ts
FNF:0
FNH:0
LF:0
LH:0
BRF:0
BRH:0
end_of_record
TN:
SF:src\components\Card.tsx
FN:11,(anonymous_0)
FNF:1
FNH:1
FNDA:86,(anonymous_0)
DA:2,3
DA:11,3
DA:12,86
DA:14,86
DA:21,86
DA:35,3
LF:6
LH:6
BRDA:16,0,0,6
BRDA:16,0,1,80
BRDA:17,1,0,5
BRDA:17,1,1,81
BRDA:18,2,0,2
BRDA:18,2,1,84
BRF:6
BRH:6
end_of_record
TN:
SF:src\components\GameBoard.tsx
FN:18,(anonymous_0)
FN:31,(anonymous_1)
FN:36,(anonymous_2)
FN:42,(anonymous_3)
FN:43,(anonymous_4)
FN:53,(anonymous_5)
FN:56,(anonymous_6)
FN:57,(anonymous_7)
FN:74,(anonymous_8)
FN:79,(anonymous_9)
FNF:10
FNH:8
FNDA:20,(anonymous_0)
FNDA:6,(anonymous_1)
FNDA:12,(anonymous_2)
FNDA:0,(anonymous_3)
FNDA:8,(anonymous_4)
FNDA:0,(anonymous_5)
FNDA:1,(anonymous_6)
FNDA:4,(anonymous_7)
FNDA:80,(anonymous_8)
FNDA:6,(anonymous_9)
DA:1,2
DA:2,2
DA:3,2
DA:18,2
DA:29,20
DA:31,20
DA:32,6
DA:33,3
DA:36,3
DA:37,12
DA:39,3
DA:41,3
DA:42,2
DA:43,2
DA:44,8
DA:46,2
DA:48,2
DA:49,2
DA:50,1
DA:53,1
DA:54,1
DA:55,1
DA:56,1
DA:57,1
DA:58,4
DA:60,1
DA:61,1
DA:62,1
DA:63,1
DA:68,20
DA:75,80
DA:79,6
DA:86,2
LF:33
LH:33
BRDA:32,0,0,3
BRDA:32,0,1,3
BRDA:32,1,0,6
BRDA:32,1,1,5
BRDA:32,1,2,4
BRDA:37,2,0,3
BRDA:37,2,1,9
BRDA:41,3,0,2
BRDA:41,3,1,1
BRDA:44,4,0,2
BRDA:44,4,1,6
BRDA:49,5,0,1
BRDA:49,5,1,1
BRF:13
BRH:13
end_of_record
TN:
SF:src\components\GameOverModal.tsx
FN:11,(anonymous_0)
FN:21,(anonymous_1)
FNF:2
FNH:2
FNDA:15,(anonymous_0)
FNDA:3,(anonymous_1)
DA:2,2
DA:11,2
DA:17,15
DA:18,12
DA:21,3
DA:22,3
DA:23,3
DA:24,3
DA:27,3
DA:39,2
LF:10
LH:10
BRDA:17,0,0,12
BRDA:17,0,1,3
BRF:2
BRH:2
end_of_record
TN:
SF:src\components\Scoreboard.tsx
FN:9,(anonymous_0)
FN:10,(anonymous_1)
FNF:2
FNH:2
FNDA:14,(anonymous_0)
FNDA:14,(anonymous_1)
DA:2,2
DA:9,2
DA:10,14
DA:11,14
DA:12,14
DA:13,14
DA:16,14
DA:24,2
LF:8
LH:8
BRF:0
BRH:0
end_of_record
